commit 41ca35daf1830df348c006783cedc58cfdadd9c2
Author: Amaan Virani <viraniamaan@gmail.com>
Date:   Sun Mar 24 22:48:25 2019 +0000

    Upload System Overview image

commit 70c3d732b3a75357df8034d28dcb512d22556787
Author: rretiwala <rretiwala@utexas.edu>
Date:   Sun Mar 24 17:36:06 2019 -0500

    Updated about page for commit info

commit 4af00f7a1b19ba1d99bb548affb8226452e40636
Author: Prachi Shah <prachicshah2@gmail.com>
Date:   Sun Mar 24 15:31:48 2019 -0500

    Editted requirements.txt flask_bootstrap version

commit 378dbf937216802d7c5e2ae8b4215792836201d7
Author: Kaiwen Li <kevin.li128@gmail.com>
Date:   Sun Mar 24 19:06:04 2019 +0000

    Update books.html images

commit fd077195b05f1c083e8127a8976bc669b49e2872
Author: Kaiwen Li <kevin.li128@gmail.com>
Date:   Sun Mar 24 19:02:23 2019 +0000

    Update authors.html images

commit c9f8f487be4dfde9516db9e8ddca506d3644df87
Author: Kaiwen Li <kevin.li128@gmail.com>
Date:   Sun Mar 24 18:51:08 2019 +0000

    Update publishers.html images

commit e6aebf703089b2f89dc127e123a2cd7def1510d5
Author: Kaiwen Li <kevin.li128@gmail.com>
Date:   Sun Mar 24 18:47:19 2019 +0000

    Added images to publishers.itml

commit 58da38c9edc1d5c10d50a216b86dea19483ff3b3
Author: Kaiwen Li <kevin.li128@gmail.com>
Date:   Sun Mar 24 18:38:14 2019 +0000

    Update publishers.html

commit 525a980bbcdf2db806db9bf5532886e04ec73280
Author: Kaiwen Li <kevin.li128@gmail.com>
Date:   Sun Mar 24 18:32:43 2019 +0000

    Update publishers.html

commit 30081acf476029678d8a596f3f7393b43f05adb3
Author: mr.miyagi <miyares@utexas.edu>
Date:   Sun Mar 24 10:02:34 2019 -0700

    finished evaluation files

commit de1f0339759a73d36d55b4328f09a5b3f328c4e9
Author: mr.miyagi <miyares@utexas.edu>
Date:   Sat Mar 23 22:53:51 2019 -0700

    added all of the evaluation form templates for team members to use

commit feea8ebaaf84d91cbc3b7f4d6b0e7e715d633e9f
Author: rretiwala <rretiwala@utexas.edu>
Date:   Sat Mar 23 23:13:36 2019 -0500

    Fixed some issues with about page

commit e9e2f4c72ddc902370f934f3d9b5cb318d82460a
Author: Prachi Shah <prachicshah2@gmail.com>
Date:   Sat Mar 23 23:08:47 2019 -0500

    Editted main.py to fix bootstrap issue

commit 2c975f4253c8bd55cf22bdbfb14d3345818d8a1b
Merge: 5199d46 c711901
Author: amv2768 <viraniamaan@gmail.com>
Date:   Sat Mar 23 22:28:52 2019 -0500

    Fixed sorting and JS setup

commit 5199d4641e4c7943568d960a31941eba496381ed
Author: amv2768 <viraniamaan@gmail.com>
Date:   Sat Mar 23 22:18:08 2019 -0500

    Created sortable tables and set up JS

commit c7119015bf90530ccbf1082576eb311b5ea78c46
Author: rretiwala <rretiwala@utexas.edu>
Date:   Sat Mar 23 21:24:41 2019 -0500

    Updated about.html

commit 29eb171aa903342fdb4f68b198fa49bd74b49d4c
Author: Prachi Shah <prachicshah2@gmail.com>
Date:   Sat Mar 23 17:22:06 2019 -0500

    Fixed requirements.txt 3

commit fe91bbf1de39359a3d4781fde80d06fcf2d2bf26
Author: Prachi Shah <prachicshah2@gmail.com>
Date:   Sat Mar 23 17:18:19 2019 -0500

    Fixed requirements.txt 2

commit 02384fdf5b1a0574e3bc1ca53283624ab5d36596
Author: Prachi Shah <prachicshah2@gmail.com>
Date:   Sat Mar 23 17:07:39 2019 -0500

    Fixed requirements.txt

commit a3469edcd1c4945f13c0965ef65bd6e9eb767a3a
Author: Prachi Shah <prachicshah2@gmail.com>
Date:   Sat Mar 23 16:51:09 2019 -0500

    Added requirements.txt

commit 1d149db05a04cbf47ea1040ceaf0f12ab8a96d9a
Author: Prachi Shah <prachicshah2@gmail.com>
Date:   Sat Mar 23 16:25:22 2019 -0500

    Fixed app.yaml

commit ca0da88b345e35e1bbee26f82854cac1e5781353
Author: Prachi Shah <prachicshah2@gmail.com>
Date:   Sat Mar 23 15:19:04 2019 -0500

    Added app.yaml file

commit b34f75aa306225f8d7a9771f306a94923f5c7ffd
Author: Prachi Shah <prachicshah2@gmail.com>
Date:   Sat Mar 23 00:05:31 2019 -0500

    Fixed home page

commit 6e5cb6d19d42c0cfff351f53f0cf7eb7c1f8e15a
Author: rretiwala <rretiwala@utexas.edu>
Date:   Fri Mar 22 18:53:53 2019 -0500

    Updated the about page

commit 11bd14dfada28519e34140ed375db1f8e06f56d5
Author: amv2768 <viraniamaan@gmail.com>
Date:   Wed Mar 13 15:12:33 2019 -0500

    Updated format of books table

commit 6d360fa5e1f500329e21c04dc0dd79c919561f60
Author: Kaiwen Li <kevin.li128@gmail.com>
Date:   Tue Mar 12 03:03:37 2019 +0000

    Update publishers.html

commit 34199013637f42535624d71e5eda6d6af83ce3d5
Author: Prachi Shah <prachicshah2@gmail.com>
Date:   Mon Mar 11 21:44:39 2019 -0500

    Editted home page

commit 528190dd2b88f9de88c353b5b5d481de779385df
Author: amv2768 <viraniamaan@gmail.com>
Date:   Mon Mar 11 21:35:12 2019 -0500

    Changed formatting of authors page

commit e74442096e1ee5e5df151679953ba3aba5eb3007
Author: mr.miyagi <miyares@utexas.edu>
Date:   Mon Mar 11 21:32:20 2019 -0500

    editing for design consistency between books and authors

commit ee33d654721b41a95e38d11f7b288c505e660cec
Author: mr.miyagi <miyares@utexas.edu>
Date:   Mon Mar 11 21:27:40 2019 -0500

    creating an authors page and table

commit d1a7bb8b5892c58fa7c79d929b9d2b2fbd181ca4
Author: amv2768 <viraniamaan@gmail.com>
Date:   Mon Mar 11 21:25:12 2019 -0500

    Updated Books page with three rows

commit 651aca57c7a7810c8a215612620d5d143353a887
Author: rretiwala <rretiwala@utexas.edu>
Date:   Mon Mar 11 21:15:25 2019 -0500

    Adding a header to index.html

commit 46f44b2b518c3783c6b03004064d731bf4f2827c
Author: rretiwala <rretiwala@utexas.edu>
Date:   Mon Mar 11 21:05:47 2019 -0500

    Added in data file

commit 0c2435c43d768f58d8bf522b906bda3d11d4e855
Author: rretiwala <rretiwala@utexas.edu>
Date:   Mon Mar 11 20:40:02 2019 -0500

    Fixed .gitignore

commit 6f67d5eb1f24b8978be7811a9782eb11b4519634
Author: amv2768 <viraniamaan@gmail.com>
Date:   Mon Mar 11 20:37:35 2019 -0500

    Created base about and index pages

commit 15652c14a656b046058871823d59d012c43b53b3
Author: amv2768 <viraniamaan@gmail.com>
Date:   Mon Mar 11 20:13:38 2019 -0500

    Updated books html page

commit a39f06f35684bcc3e900eb528b1976057261b96c
Author: amv2768 <viraniamaan@gmail.com>
Date:   Mon Mar 11 18:40:13 2019 -0500

    Set up Bootstrap

commit 145ff86e9e3c67d4f924a422ff6dc50a6e5f9c76
Author: amv2768 <viraniamaan@gmail.com>
Date:   Mon Mar 11 15:04:20 2019 -0500

    Created initial pages for books, authors, publishers

commit f11d2b309b47240302a629a856482d9c81d56730
Author: amv2768 <viraniamaan@gmail.com>
Date:   Sun Mar 10 19:13:00 2019 -0500

    Completed setup by adding ReadMe files so directories would appear in Git

commit 64b31899ee88cfff99c0d0bf6d1b7423f058a95a
Author: amv2768 <viraniamaan@gmail.com>
Date:   Sun Mar 10 19:08:15 2019 -0500

    Further setup

commit 2ffb23f9abf2e77c1ba03f5cc64c3380a2f6c9a1
Author: amv2768 <viraniamaan@gmail.com>
Date:   Sun Mar 10 19:00:34 2019 -0500

    Initial setup

commit 4d3bb9bde30a3b0ea552d9981f2300b1f61f7992
Author: Amaan Virani <viraniamaan@gmail.com>
Date:   Sun Mar 10 23:48:22 2019 +0000

    Initial commit
